{"C:\\Users\\Juan Carlos Pantoja\\proyecto\\gimnasio\\index.js": {"path":"C:\\Users\\Juan Carlos Pantoja\\proyecto\\gimnasio\\index.js","statementMap":{"0":{"start":{"line":1,"column":16},"end":{"line":1,"column":34}},"1":{"start":{"line":2,"column":14},"end":{"line":2,"column":30}},"2":{"start":{"line":3,"column":13},"end":{"line":3,"column":30}},"3":{"start":{"line":4,"column":11},"end":{"line":4,"column":26}},"4":{"start":{"line":5,"column":11},"end":{"line":5,"column":26}},"5":{"start":{"line":6,"column":17},"end":{"line":6,"column":39}},"6":{"start":{"line":8,"column":21},"end":{"line":8,"column":59}},"7":{"start":{"line":9,"column":25},"end":{"line":9,"column":64}},"8":{"start":{"line":12,"column":13},"end":{"line":12,"column":37}},"9":{"start":{"line":14,"column":10},"end":{"line":14,"column":19}},"10":{"start":{"line":16,"column":0},"end":{"line":16,"column":16}},"11":{"start":{"line":17,"column":0},"end":{"line":17,"column":23}},"12":{"start":{"line":18,"column":0},"end":{"line":18,"column":45}},"13":{"start":{"line":19,"column":0},"end":{"line":19,"column":52}},"14":{"start":{"line":20,"column":0},"end":{"line":20,"column":56}},"15":{"start":{"line":22,"column":0},"end":{"line":22,"column":32}},"16":{"start":{"line":23,"column":0},"end":{"line":23,"column":37}},"17":{"start":{"line":28,"column":0},"end":{"line":32,"column":3}},"18":{"start":{"line":29,"column":14},"end":{"line":29,"column":36}},"19":{"start":{"line":30,"column":4},"end":{"line":30,"column":21}},"20":{"start":{"line":31,"column":4},"end":{"line":31,"column":14}},"21":{"start":{"line":38,"column":0},"end":{"line":53,"column":1}},"22":{"start":{"line":39,"column":4},"end":{"line":52,"column":7}},"23":{"start":{"line":40,"column":8},"end":{"line":51,"column":9}},"24":{"start":{"line":41,"column":12},"end":{"line":41,"column":28}},"25":{"start":{"line":42,"column":12},"end":{"line":42,"column":66}},"26":{"start":{"line":45,"column":12},"end":{"line":45,"column":49}},"27":{"start":{"line":46,"column":12},"end":{"line":46,"column":42}},"28":{"start":{"line":47,"column":12},"end":{"line":50,"column":15}},"29":{"start":{"line":57,"column":0},"end":{"line":61,"column":3}},"30":{"start":{"line":58,"column":4},"end":{"line":58,"column":34}},"31":{"start":{"line":59,"column":4},"end":{"line":59,"column":21}},"32":{"start":{"line":60,"column":4},"end":{"line":60,"column":41}},"33":{"start":{"line":63,"column":0},"end":{"line":63,"column":69}},"34":{"start":{"line":63,"column":23},"end":{"line":63,"column":67}},"35":{"start":{"line":64,"column":0},"end":{"line":64,"column":73}},"36":{"start":{"line":66,"column":0},"end":{"line":66,"column":21}}},"fnMap":{"0":{"name":"(anonymous_0)","decl":{"start":{"line":28,"column":8},"end":{"line":28,"column":9}},"loc":{"start":{"line":28,"column":34},"end":{"line":32,"column":1}},"line":28},"1":{"name":"(anonymous_1)","decl":{"start":{"line":39,"column":12},"end":{"line":39,"column":13}},"loc":{"start":{"line":39,"column":43},"end":{"line":52,"column":5}},"line":39},"2":{"name":"(anonymous_2)","decl":{"start":{"line":57,"column":8},"end":{"line":57,"column":9}},"loc":{"start":{"line":57,"column":39},"end":{"line":61,"column":1}},"line":57},"3":{"name":"(anonymous_3)","decl":{"start":{"line":63,"column":17},"end":{"line":63,"column":18}},"loc":{"start":{"line":63,"column":23},"end":{"line":63,"column":67}},"line":63}},"branchMap":{"0":{"loc":{"start":{"line":12,"column":13},"end":{"line":12,"column":37}},"type":"binary-expr","locations":[{"start":{"line":12,"column":13},"end":{"line":12,"column":29}},{"start":{"line":12,"column":33},"end":{"line":12,"column":37}}],"line":12},"1":{"loc":{"start":{"line":38,"column":0},"end":{"line":53,"column":1}},"type":"if","locations":[{"start":{"line":38,"column":0},"end":{"line":53,"column":1}},{"start":{"line":38,"column":0},"end":{"line":53,"column":1}}],"line":38},"2":{"loc":{"start":{"line":40,"column":8},"end":{"line":51,"column":9}},"type":"if","locations":[{"start":{"line":40,"column":8},"end":{"line":51,"column":9}},{"start":{"line":40,"column":8},"end":{"line":51,"column":9}}],"line":40},"3":{"loc":{"start":{"line":46,"column":23},"end":{"line":46,"column":40}},"type":"binary-expr","locations":[{"start":{"line":46,"column":23},"end":{"line":46,"column":33}},{"start":{"line":46,"column":37},"end":{"line":46,"column":40}}],"line":46},"4":{"loc":{"start":{"line":58,"column":15},"end":{"line":58,"column":32}},"type":"binary-expr","locations":[{"start":{"line":58,"column":15},"end":{"line":58,"column":25}},{"start":{"line":58,"column":29},"end":{"line":58,"column":32}}],"line":58}},"s":{"0":1,"1":1,"2":1,"3":1,"4":1,"5":1,"6":1,"7":1,"8":1,"9":1,"10":1,"11":1,"12":1,"13":1,"14":1,"15":1,"16":1,"17":1,"18":0,"19":0,"20":0,"21":1,"22":0,"23":0,"24":0,"25":0,"26":0,"27":0,"28":0,"29":1,"30":0,"31":0,"32":0,"33":1,"34":1,"35":1,"36":1},"f":{"0":0,"1":0,"2":0,"3":1},"b":{"0":[1,1],"1":[0,1],"2":[0,0],"3":[0,0],"4":[0,0]},"_coverageSchema":"1a1c01bbd47fc00a2c39e90264f33305004495a9","hash":"75760f37da91bf5453390141ba1788064970a539"}
,"C:\\Users\\Juan Carlos Pantoja\\proyecto\\gimnasio\\app_core\\dao\\ciudad\\ciudadDao.js": {"path":"C:\\Users\\Juan Carlos Pantoja\\proyecto\\gimnasio\\app_core\\dao\\ciudad\\ciudadDao.js","statementMap":{"0":{"start":{"line":1,"column":11},"end":{"line":1,"column":37}},"1":{"start":{"line":3,"column":13},"end":{"line":5,"column":1}},"2":{"start":{"line":4,"column":4},"end":{"line":4,"column":35}},"3":{"start":{"line":7,"column":19},"end":{"line":9,"column":1}},"4":{"start":{"line":8,"column":4},"end":{"line":8,"column":40}},"5":{"start":{"line":11,"column":0},"end":{"line":11,"column":31}},"6":{"start":{"line":12,"column":0},"end":{"line":12,"column":43}}},"fnMap":{"0":{"name":"(anonymous_0)","decl":{"start":{"line":3,"column":13},"end":{"line":3,"column":14}},"loc":{"start":{"line":3,"column":19},"end":{"line":5,"column":1}},"line":3},"1":{"name":"(anonymous_1)","decl":{"start":{"line":7,"column":19},"end":{"line":7,"column":20}},"loc":{"start":{"line":7,"column":31},"end":{"line":9,"column":1}},"line":7}},"branchMap":{},"s":{"0":1,"1":1,"2":0,"3":1,"4":0,"5":1,"6":1},"f":{"0":0,"1":0},"b":{},"_coverageSchema":"1a1c01bbd47fc00a2c39e90264f33305004495a9","hash":"5e56bb65d75c3de9c387a40b9c17aada93ac3cd1"}
,"C:\\Users\\Juan Carlos Pantoja\\proyecto\\gimnasio\\app_core\\dao\\models\\ciudad.js": {"path":"C:\\Users\\Juan Carlos Pantoja\\proyecto\\gimnasio\\app_core\\dao\\models\\ciudad.js","statementMap":{"0":{"start":{"line":1,"column":0},"end":{"line":42,"column":2}},"1":{"start":{"line":3,"column":4},"end":{"line":40,"column":6}},"2":{"start":{"line":29,"column":20},"end":{"line":34,"column":22}}},"fnMap":{"0":{"name":"(anonymous_0)","decl":{"start":{"line":1,"column":17},"end":{"line":1,"column":18}},"loc":{"start":{"line":2,"column":15},"end":{"line":42,"column":1}},"line":2},"1":{"name":"(anonymous_1)","decl":{"start":{"line":28,"column":27},"end":{"line":28,"column":28}},"loc":{"start":{"line":28,"column":45},"end":{"line":35,"column":17}},"line":28}},"branchMap":{},"s":{"0":1,"1":1,"2":1},"f":{"0":1,"1":1},"b":{},"_coverageSchema":"1a1c01bbd47fc00a2c39e90264f33305004495a9","hash":"9f3e2cf0cf7c045ecc95bc24a3efc09963458611"}
,"C:\\Users\\Juan Carlos Pantoja\\proyecto\\gimnasio\\app_core\\dao\\models\\index.js": {"path":"C:\\Users\\Juan Carlos Pantoja\\proyecto\\gimnasio\\app_core\\dao\\models\\index.js","statementMap":{"0":{"start":{"line":2,"column":16},"end":{"line":2,"column":29}},"1":{"start":{"line":3,"column":16},"end":{"line":3,"column":31}},"2":{"start":{"line":4,"column":16},"end":{"line":4,"column":36}},"3":{"start":{"line":5,"column":16},"end":{"line":5,"column":46}},"4":{"start":{"line":6,"column":16},"end":{"line":6,"column":54}},"5":{"start":{"line":7,"column":16},"end":{"line":7,"column":52}},"6":{"start":{"line":8,"column":16},"end":{"line":8,"column":18}},"7":{"start":{"line":9,"column":0},"end":{"line":14,"column":1}},"8":{"start":{"line":10,"column":18},"end":{"line":10,"column":69}},"9":{"start":{"line":12,"column":2},"end":{"line":12,"column":40}},"10":{"start":{"line":13,"column":18},"end":{"line":13,"column":90}},"11":{"start":{"line":15,"column":0},"end":{"line":23,"column":4}},"12":{"start":{"line":18,"column":4},"end":{"line":18,"column":89}},"13":{"start":{"line":21,"column":16},"end":{"line":21,"column":63}},"14":{"start":{"line":22,"column":4},"end":{"line":22,"column":26}},"15":{"start":{"line":24,"column":0},"end":{"line":28,"column":2}},"16":{"start":{"line":25,"column":2},"end":{"line":27,"column":3}},"17":{"start":{"line":26,"column":4},"end":{"line":26,"column":31}},"18":{"start":{"line":29,"column":0},"end":{"line":29,"column":24}},"19":{"start":{"line":30,"column":0},"end":{"line":30,"column":24}},"20":{"start":{"line":31,"column":0},"end":{"line":31,"column":19}}},"fnMap":{"0":{"name":"(anonymous_0)","decl":{"start":{"line":17,"column":10},"end":{"line":17,"column":11}},"loc":{"start":{"line":17,"column":26},"end":{"line":19,"column":3}},"line":17},"1":{"name":"(anonymous_1)","decl":{"start":{"line":20,"column":11},"end":{"line":20,"column":12}},"loc":{"start":{"line":20,"column":27},"end":{"line":23,"column":3}},"line":20},"2":{"name":"(anonymous_2)","decl":{"start":{"line":24,"column":24},"end":{"line":24,"column":25}},"loc":{"start":{"line":24,"column":45},"end":{"line":28,"column":1}},"line":24}},"branchMap":{"0":{"loc":{"start":{"line":6,"column":16},"end":{"line":6,"column":54}},"type":"binary-expr","locations":[{"start":{"line":6,"column":16},"end":{"line":6,"column":36}},{"start":{"line":6,"column":40},"end":{"line":6,"column":54}}],"line":6},"1":{"loc":{"start":{"line":9,"column":0},"end":{"line":14,"column":1}},"type":"if","locations":[{"start":{"line":9,"column":0},"end":{"line":14,"column":1}},{"start":{"line":9,"column":0},"end":{"line":14,"column":1}}],"line":9},"2":{"loc":{"start":{"line":18,"column":11},"end":{"line":18,"column":89}},"type":"binary-expr","locations":[{"start":{"line":18,"column":12},"end":{"line":18,"column":35}},{"start":{"line":18,"column":41},"end":{"line":18,"column":58}},{"start":{"line":18,"column":64},"end":{"line":18,"column":88}}],"line":18},"3":{"loc":{"start":{"line":25,"column":2},"end":{"line":27,"column":3}},"type":"if","locations":[{"start":{"line":25,"column":2},"end":{"line":27,"column":3}},{"start":{"line":25,"column":2},"end":{"line":27,"column":3}}],"line":25}},"s":{"0":1,"1":1,"2":1,"3":1,"4":1,"5":1,"6":1,"7":1,"8":0,"9":1,"10":1,"11":1,"12":6,"13":5,"14":5,"15":1,"16":5,"17":5,"18":1,"19":1,"20":1},"f":{"0":6,"1":5,"2":5},"b":{"0":[1,0],"1":[0,1],"2":[6,6,5],"3":[5,0]},"_coverageSchema":"1a1c01bbd47fc00a2c39e90264f33305004495a9","hash":"a5de81046acd9ea6d7452045faee3858ce321a78"}
,"C:\\Users\\Juan Carlos Pantoja\\proyecto\\gimnasio\\app_core\\dao\\models\\sede.js": {"path":"C:\\Users\\Juan Carlos Pantoja\\proyecto\\gimnasio\\app_core\\dao\\models\\sede.js","statementMap":{"0":{"start":{"line":1,"column":0},"end":{"line":53,"column":2}},"1":{"start":{"line":3,"column":4},"end":{"line":51,"column":6}},"2":{"start":{"line":34,"column":20},"end":{"line":39,"column":22}},"3":{"start":{"line":40,"column":20},"end":{"line":45,"column":22}}},"fnMap":{"0":{"name":"(anonymous_0)","decl":{"start":{"line":1,"column":17},"end":{"line":1,"column":18}},"loc":{"start":{"line":2,"column":15},"end":{"line":53,"column":1}},"line":2},"1":{"name":"(anonymous_1)","decl":{"start":{"line":33,"column":27},"end":{"line":33,"column":28}},"loc":{"start":{"line":33,"column":45},"end":{"line":46,"column":17}},"line":33}},"branchMap":{},"s":{"0":1,"1":1,"2":1,"3":1},"f":{"0":1,"1":1},"b":{},"_coverageSchema":"1a1c01bbd47fc00a2c39e90264f33305004495a9","hash":"20b0d06a1396571bb109b5a102a81cd82ea1189c"}
,"C:\\Users\\Juan Carlos Pantoja\\proyecto\\gimnasio\\app_core\\dao\\models\\tipoUsuario.js": {"path":"C:\\Users\\Juan Carlos Pantoja\\proyecto\\gimnasio\\app_core\\dao\\models\\tipoUsuario.js","statementMap":{"0":{"start":{"line":1,"column":0},"end":{"line":42,"column":2}},"1":{"start":{"line":3,"column":4},"end":{"line":40,"column":6}},"2":{"start":{"line":29,"column":20},"end":{"line":34,"column":22}}},"fnMap":{"0":{"name":"(anonymous_0)","decl":{"start":{"line":1,"column":17},"end":{"line":1,"column":18}},"loc":{"start":{"line":2,"column":15},"end":{"line":42,"column":1}},"line":2},"1":{"name":"(anonymous_1)","decl":{"start":{"line":28,"column":27},"end":{"line":28,"column":28}},"loc":{"start":{"line":28,"column":45},"end":{"line":35,"column":17}},"line":28}},"branchMap":{},"s":{"0":1,"1":1,"2":1},"f":{"0":1,"1":1},"b":{},"_coverageSchema":"1a1c01bbd47fc00a2c39e90264f33305004495a9","hash":"ef7409975893b62fd366513b72ca32e750048ebf"}
,"C:\\Users\\Juan Carlos Pantoja\\proyecto\\gimnasio\\app_core\\dao\\models\\usuario.js": {"path":"C:\\Users\\Juan Carlos Pantoja\\proyecto\\gimnasio\\app_core\\dao\\models\\usuario.js","statementMap":{"0":{"start":{"line":1,"column":12},"end":{"line":1,"column":31}},"1":{"start":{"line":4,"column":0},"end":{"line":99,"column":2}},"2":{"start":{"line":6,"column":4},"end":{"line":97,"column":6}},"3":{"start":{"line":47,"column":20},"end":{"line":52,"column":22}},"4":{"start":{"line":53,"column":20},"end":{"line":58,"column":22}},"5":{"start":{"line":83,"column":33},"end":{"line":83,"column":55}},"6":{"start":{"line":84,"column":19},"end":{"line":84,"column":80}},"7":{"start":{"line":88,"column":20},"end":{"line":88,"column":71}}},"fnMap":{"0":{"name":"(anonymous_0)","decl":{"start":{"line":4,"column":17},"end":{"line":4,"column":18}},"loc":{"start":{"line":5,"column":15},"end":{"line":99,"column":1}},"line":5},"1":{"name":"(anonymous_1)","decl":{"start":{"line":46,"column":27},"end":{"line":46,"column":28}},"loc":{"start":{"line":46,"column":45},"end":{"line":59,"column":17}},"line":46},"2":{"name":"(anonymous_2)","decl":{"start":{"line":81,"column":16},"end":{"line":81,"column":17}},"loc":{"start":{"line":81,"column":31},"end":{"line":85,"column":17}},"line":81},"3":{"name":"(anonymous_3)","decl":{"start":{"line":87,"column":16},"end":{"line":87,"column":17}},"loc":{"start":{"line":87,"column":39},"end":{"line":90,"column":17}},"line":87}},"branchMap":{},"s":{"0":1,"1":1,"2":1,"3":1,"4":1,"5":0,"6":0,"7":0},"f":{"0":1,"1":1,"2":0,"3":0},"b":{},"_coverageSchema":"1a1c01bbd47fc00a2c39e90264f33305004495a9","hash":"1a0fb5a36a6ddd0da144e483f864b72d2e2acc4c"}
,"C:\\Users\\Juan Carlos Pantoja\\proyecto\\gimnasio\\app_core\\dao\\models\\usuarioSede.js": {"path":"C:\\Users\\Juan Carlos Pantoja\\proyecto\\gimnasio\\app_core\\dao\\models\\usuarioSede.js","statementMap":{"0":{"start":{"line":1,"column":0},"end":{"line":53,"column":2}},"1":{"start":{"line":3,"column":4},"end":{"line":51,"column":6}},"2":{"start":{"line":34,"column":20},"end":{"line":39,"column":22}},"3":{"start":{"line":40,"column":20},"end":{"line":45,"column":22}}},"fnMap":{"0":{"name":"(anonymous_0)","decl":{"start":{"line":1,"column":17},"end":{"line":1,"column":18}},"loc":{"start":{"line":2,"column":15},"end":{"line":53,"column":1}},"line":2},"1":{"name":"(anonymous_1)","decl":{"start":{"line":33,"column":27},"end":{"line":33,"column":28}},"loc":{"start":{"line":33,"column":45},"end":{"line":46,"column":17}},"line":33}},"branchMap":{},"s":{"0":1,"1":1,"2":1,"3":1},"f":{"0":1,"1":1},"b":{},"_coverageSchema":"1a1c01bbd47fc00a2c39e90264f33305004495a9","hash":"44a2ce73a82d4d83d9535d29072b74119f93af26"}
,"C:\\Users\\Juan Carlos Pantoja\\proyecto\\gimnasio\\app_core\\dao\\sede\\sedeDao.js": {"path":"C:\\Users\\Juan Carlos Pantoja\\proyecto\\gimnasio\\app_core\\dao\\sede\\sedeDao.js","statementMap":{"0":{"start":{"line":1,"column":11},"end":{"line":1,"column":37}},"1":{"start":{"line":3,"column":11},"end":{"line":5,"column":1}},"2":{"start":{"line":4,"column":4},"end":{"line":4,"column":33}},"3":{"start":{"line":7,"column":17},"end":{"line":9,"column":1}},"4":{"start":{"line":8,"column":4},"end":{"line":8,"column":36}},"5":{"start":{"line":11,"column":0},"end":{"line":11,"column":27}},"6":{"start":{"line":12,"column":0},"end":{"line":12,"column":39}}},"fnMap":{"0":{"name":"(anonymous_0)","decl":{"start":{"line":3,"column":11},"end":{"line":3,"column":12}},"loc":{"start":{"line":3,"column":17},"end":{"line":5,"column":1}},"line":3},"1":{"name":"(anonymous_1)","decl":{"start":{"line":7,"column":17},"end":{"line":7,"column":18}},"loc":{"start":{"line":7,"column":27},"end":{"line":9,"column":1}},"line":7}},"branchMap":{},"s":{"0":1,"1":1,"2":0,"3":1,"4":0,"5":1,"6":1},"f":{"0":0,"1":0},"b":{},"_coverageSchema":"1a1c01bbd47fc00a2c39e90264f33305004495a9","hash":"0b334cd6d707ce6aad2e779d56fd8d972300126c"}
,"C:\\Users\\Juan Carlos Pantoja\\proyecto\\gimnasio\\app_core\\dao\\usuario\\usuarioDao.js": {"path":"C:\\Users\\Juan Carlos Pantoja\\proyecto\\gimnasio\\app_core\\dao\\usuario\\usuarioDao.js","statementMap":{"0":{"start":{"line":1,"column":11},"end":{"line":1,"column":37}},"1":{"start":{"line":3,"column":14},"end":{"line":5,"column":1}},"2":{"start":{"line":4,"column":4},"end":{"line":4,"column":36}},"3":{"start":{"line":7,"column":22},"end":{"line":13,"column":1}},"4":{"start":{"line":8,"column":4},"end":{"line":12,"column":7}},"5":{"start":{"line":15,"column":19},"end":{"line":22,"column":1}},"6":{"start":{"line":16,"column":4},"end":{"line":21,"column":7}},"7":{"start":{"line":24,"column":20},"end":{"line":26,"column":1}},"8":{"start":{"line":25,"column":4},"end":{"line":25,"column":42}},"9":{"start":{"line":28,"column":0},"end":{"line":28,"column":33}},"10":{"start":{"line":29,"column":0},"end":{"line":29,"column":49}},"11":{"start":{"line":30,"column":0},"end":{"line":30,"column":43}},"12":{"start":{"line":31,"column":0},"end":{"line":31,"column":45}}},"fnMap":{"0":{"name":"(anonymous_0)","decl":{"start":{"line":3,"column":14},"end":{"line":3,"column":15}},"loc":{"start":{"line":3,"column":21},"end":{"line":5,"column":1}},"line":3},"1":{"name":"(anonymous_1)","decl":{"start":{"line":7,"column":22},"end":{"line":7,"column":23}},"loc":{"start":{"line":7,"column":34},"end":{"line":13,"column":1}},"line":7},"2":{"name":"(anonymous_2)","decl":{"start":{"line":15,"column":19},"end":{"line":15,"column":20}},"loc":{"start":{"line":15,"column":32},"end":{"line":22,"column":1}},"line":15},"3":{"name":"(anonymous_3)","decl":{"start":{"line":24,"column":20},"end":{"line":24,"column":21}},"loc":{"start":{"line":24,"column":33},"end":{"line":26,"column":1}},"line":24}},"branchMap":{},"s":{"0":1,"1":1,"2":0,"3":1,"4":0,"5":1,"6":0,"7":1,"8":0,"9":1,"10":1,"11":1,"12":1},"f":{"0":0,"1":0,"2":0,"3":0},"b":{},"_coverageSchema":"1a1c01bbd47fc00a2c39e90264f33305004495a9","hash":"f44e5398aff4d4ab22f88221bdc0304f331b3a82"}
,"C:\\Users\\Juan Carlos Pantoja\\proyecto\\gimnasio\\app_core\\dao\\usuario_sede\\usuario_sedeDao.js": {"path":"C:\\Users\\Juan Carlos Pantoja\\proyecto\\gimnasio\\app_core\\dao\\usuario_sede\\usuario_sedeDao.js","statementMap":{"0":{"start":{"line":1,"column":13},"end":{"line":1,"column":39}},"1":{"start":{"line":3,"column":18},"end":{"line":21,"column":1}},"2":{"start":{"line":4,"column":4},"end":{"line":20,"column":7}},"3":{"start":{"line":23,"column":24},"end":{"line":25,"column":1}},"4":{"start":{"line":24,"column":4},"end":{"line":24,"column":50}},"5":{"start":{"line":28,"column":0},"end":{"line":28,"column":41}},"6":{"start":{"line":29,"column":0},"end":{"line":29,"column":53}}},"fnMap":{"0":{"name":"(anonymous_0)","decl":{"start":{"line":3,"column":18},"end":{"line":3,"column":19}},"loc":{"start":{"line":3,"column":31},"end":{"line":21,"column":1}},"line":3},"1":{"name":"(anonymous_1)","decl":{"start":{"line":23,"column":24},"end":{"line":23,"column":25}},"loc":{"start":{"line":23,"column":41},"end":{"line":25,"column":1}},"line":23}},"branchMap":{},"s":{"0":1,"1":1,"2":0,"3":1,"4":0,"5":1,"6":1},"f":{"0":0,"1":0},"b":{},"_coverageSchema":"1a1c01bbd47fc00a2c39e90264f33305004495a9","hash":"3c5e3fb2506d86ab558aee80c298adb9c4094c62"}
,"C:\\Users\\Juan Carlos Pantoja\\proyecto\\gimnasio\\app_core\\helpers\\funcionesSeguridad.js": {"path":"C:\\Users\\Juan Carlos Pantoja\\proyecto\\gimnasio\\app_core\\helpers\\funcionesSeguridad.js","statementMap":{"0":{"start":{"line":1,"column":14},"end":{"line":1,"column":32}},"1":{"start":{"line":2,"column":14},"end":{"line":2,"column":32}},"2":{"start":{"line":3,"column":8},"end":{"line":3,"column":20}},"3":{"start":{"line":4,"column":16},"end":{"line":4,"column":47}},"4":{"start":{"line":5,"column":10},"end":{"line":5,"column":33}},"5":{"start":{"line":22,"column":25},"end":{"line":22,"column":53}},"6":{"start":{"line":23,"column":4},"end":{"line":39,"column":5}},"7":{"start":{"line":24,"column":8},"end":{"line":36,"column":9}},"8":{"start":{"line":25,"column":32},"end":{"line":25,"column":58}},"9":{"start":{"line":26,"column":12},"end":{"line":33,"column":14}},"10":{"start":{"line":27,"column":16},"end":{"line":32,"column":17}},"11":{"start":{"line":28,"column":20},"end":{"line":28,"column":47}},"12":{"start":{"line":30,"column":20},"end":{"line":30,"column":52}},"13":{"start":{"line":31,"column":20},"end":{"line":31,"column":27}},"14":{"start":{"line":35,"column":12},"end":{"line":35,"column":79}},"15":{"start":{"line":38,"column":8},"end":{"line":38,"column":35}},"16":{"start":{"line":43,"column":4},"end":{"line":43,"column":54}},"17":{"start":{"line":44,"column":4},"end":{"line":48,"column":5}},"18":{"start":{"line":45,"column":8},"end":{"line":45,"column":15}},"19":{"start":{"line":47,"column":8},"end":{"line":47,"column":75}},"20":{"start":{"line":52,"column":0},"end":{"line":52,"column":41}},"21":{"start":{"line":53,"column":0},"end":{"line":53,"column":37}}},"fnMap":{"0":{"name":"verifyToken","decl":{"start":{"line":21,"column":9},"end":{"line":21,"column":20}},"loc":{"start":{"line":21,"column":37},"end":{"line":40,"column":1}},"line":21},"1":{"name":"(anonymous_1)","decl":{"start":{"line":26,"column":49},"end":{"line":26,"column":50}},"loc":{"start":{"line":26,"column":76},"end":{"line":33,"column":13}},"line":26},"2":{"name":"checkRole","decl":{"start":{"line":42,"column":9},"end":{"line":42,"column":18}},"loc":{"start":{"line":42,"column":35},"end":{"line":50,"column":1}},"line":42}},"branchMap":{"0":{"loc":{"start":{"line":24,"column":8},"end":{"line":36,"column":9}},"type":"if","locations":[{"start":{"line":24,"column":8},"end":{"line":36,"column":9}},{"start":{"line":24,"column":8},"end":{"line":36,"column":9}}],"line":24},"1":{"loc":{"start":{"line":27,"column":16},"end":{"line":32,"column":17}},"type":"if","locations":[{"start":{"line":27,"column":16},"end":{"line":32,"column":17}},{"start":{"line":27,"column":16},"end":{"line":32,"column":17}}],"line":27},"2":{"loc":{"start":{"line":44,"column":4},"end":{"line":48,"column":5}},"type":"if","locations":[{"start":{"line":44,"column":4},"end":{"line":48,"column":5}},{"start":{"line":44,"column":4},"end":{"line":48,"column":5}}],"line":44}},"s":{"0":1,"1":1,"2":1,"3":1,"4":1,"5":0,"6":0,"7":0,"8":0,"9":0,"10":0,"11":0,"12":0,"13":0,"14":0,"15":0,"16":0,"17":0,"18":0,"19":0,"20":1,"21":1},"f":{"0":0,"1":0,"2":0},"b":{"0":[0,0],"1":[0,0],"2":[0,0]},"_coverageSchema":"1a1c01bbd47fc00a2c39e90264f33305004495a9","hash":"1ba82b0515041c0f0b8ff419cf6911c2dc28a18d"}
,"C:\\Users\\Juan Carlos Pantoja\\proyecto\\gimnasio\\app_core\\helpers\\respuesta.js": {"path":"C:\\Users\\Juan Carlos Pantoja\\proyecto\\gimnasio\\app_core\\helpers\\respuesta.js","statementMap":{"0":{"start":{"line":1,"column":22},"end":{"line":4,"column":1}},"1":{"start":{"line":2,"column":2},"end":{"line":2,"column":20}},"2":{"start":{"line":3,"column":2},"end":{"line":3,"column":19}},"3":{"start":{"line":6,"column":0},"end":{"line":6,"column":48}}},"fnMap":{"0":{"name":"(anonymous_0)","decl":{"start":{"line":1,"column":22},"end":{"line":1,"column":23}},"loc":{"start":{"line":1,"column":54},"end":{"line":4,"column":1}},"line":1}},"branchMap":{},"s":{"0":1,"1":0,"2":0,"3":1},"f":{"0":0},"b":{},"_coverageSchema":"1a1c01bbd47fc00a2c39e90264f33305004495a9","hash":"ad8a1edfcd4d744213a5f0ebc4a7b4186afb4869"}
,"C:\\Users\\Juan Carlos Pantoja\\proyecto\\gimnasio\\app_gimnasio\\controllers\\authController.js": {"path":"C:\\Users\\Juan Carlos Pantoja\\proyecto\\gimnasio\\app_gimnasio\\controllers\\authController.js","statementMap":{"0":{"start":{"line":1,"column":17},"end":{"line":1,"column":68}},"1":{"start":{"line":2,"column":21},"end":{"line":2,"column":82}},"2":{"start":{"line":5,"column":16},"end":{"line":5,"column":47}},"3":{"start":{"line":8,"column":17},"end":{"line":12,"column":1}},"4":{"start":{"line":9,"column":4},"end":{"line":11,"column":7}},"5":{"start":{"line":10,"column":8},"end":{"line":10,"column":54}},"6":{"start":{"line":14,"column":25},"end":{"line":18,"column":1}},"7":{"start":{"line":15,"column":4},"end":{"line":17,"column":7}},"8":{"start":{"line":16,"column":8},"end":{"line":16,"column":54}},"9":{"start":{"line":20,"column":17},"end":{"line":34,"column":1}},"10":{"start":{"line":21,"column":18},"end":{"line":21,"column":60}},"11":{"start":{"line":22,"column":4},"end":{"line":33,"column":5}},"12":{"start":{"line":23,"column":8},"end":{"line":23,"column":69}},"13":{"start":{"line":25,"column":25},"end":{"line":25,"column":65}},"14":{"start":{"line":26,"column":26},"end":{"line":30,"column":9}},"15":{"start":{"line":31,"column":29},"end":{"line":31,"column":80}},"16":{"start":{"line":32,"column":8},"end":{"line":32,"column":61}},"17":{"start":{"line":37,"column":0},"end":{"line":37,"column":39}},"18":{"start":{"line":38,"column":0},"end":{"line":38,"column":55}},"19":{"start":{"line":39,"column":0},"end":{"line":39,"column":39}}},"fnMap":{"0":{"name":"(anonymous_0)","decl":{"start":{"line":8,"column":17},"end":{"line":8,"column":18}},"loc":{"start":{"line":8,"column":35},"end":{"line":12,"column":1}},"line":8},"1":{"name":"(anonymous_1)","decl":{"start":{"line":9,"column":30},"end":{"line":9,"column":31}},"loc":{"start":{"line":9,"column":50},"end":{"line":11,"column":5}},"line":9},"2":{"name":"(anonymous_2)","decl":{"start":{"line":14,"column":25},"end":{"line":14,"column":26}},"loc":{"start":{"line":14,"column":43},"end":{"line":18,"column":1}},"line":14},"3":{"name":"(anonymous_3)","decl":{"start":{"line":15,"column":59},"end":{"line":15,"column":60}},"loc":{"start":{"line":15,"column":79},"end":{"line":17,"column":5}},"line":15},"4":{"name":"(anonymous_4)","decl":{"start":{"line":20,"column":17},"end":{"line":20,"column":18}},"loc":{"start":{"line":20,"column":37},"end":{"line":34,"column":1}},"line":20}},"branchMap":{"0":{"loc":{"start":{"line":22,"column":4},"end":{"line":33,"column":5}},"type":"if","locations":[{"start":{"line":22,"column":4},"end":{"line":33,"column":5}},{"start":{"line":22,"column":4},"end":{"line":33,"column":5}}],"line":22}},"s":{"0":1,"1":1,"2":1,"3":1,"4":0,"5":0,"6":1,"7":0,"8":0,"9":1,"10":0,"11":0,"12":0,"13":0,"14":0,"15":0,"16":0,"17":1,"18":1,"19":1},"f":{"0":0,"1":0,"2":0,"3":0,"4":0},"b":{"0":[0,0]},"_coverageSchema":"1a1c01bbd47fc00a2c39e90264f33305004495a9","hash":"461aac6af7ad6266b899ff368155085543e9d7bf"}
,"C:\\Users\\Juan Carlos Pantoja\\proyecto\\gimnasio\\app_gimnasio\\controllers\\ciudadController.js": {"path":"C:\\Users\\Juan Carlos Pantoja\\proyecto\\gimnasio\\app_gimnasio\\controllers\\ciudadController.js","statementMap":{"0":{"start":{"line":1,"column":18},"end":{"line":1,"column":30}},"1":{"start":{"line":2,"column":16},"end":{"line":2,"column":65}},"2":{"start":{"line":3,"column":16},"end":{"line":3,"column":47}},"3":{"start":{"line":5,"column":16},"end":{"line":8,"column":1}},"4":{"start":{"line":6,"column":20},"end":{"line":6,"column":44}},"5":{"start":{"line":7,"column":4},"end":{"line":7,"column":52}},"6":{"start":{"line":10,"column":16},"end":{"line":17,"column":1}},"7":{"start":{"line":11,"column":4},"end":{"line":16,"column":5}},"8":{"start":{"line":12,"column":24},"end":{"line":12,"column":62}},"9":{"start":{"line":13,"column":8},"end":{"line":13,"column":56}},"10":{"start":{"line":15,"column":8},"end":{"line":15,"column":48}},"11":{"start":{"line":19,"column":0},"end":{"line":19,"column":37}},"12":{"start":{"line":20,"column":0},"end":{"line":20,"column":37}}},"fnMap":{"0":{"name":"(anonymous_0)","decl":{"start":{"line":5,"column":16},"end":{"line":5,"column":17}},"loc":{"start":{"line":5,"column":36},"end":{"line":8,"column":1}},"line":5},"1":{"name":"(anonymous_1)","decl":{"start":{"line":10,"column":16},"end":{"line":10,"column":17}},"loc":{"start":{"line":10,"column":36},"end":{"line":17,"column":1}},"line":10}},"branchMap":{},"s":{"0":1,"1":1,"2":1,"3":1,"4":0,"5":0,"6":1,"7":0,"8":0,"9":0,"10":0,"11":1,"12":1},"f":{"0":0,"1":0},"b":{},"_coverageSchema":"1a1c01bbd47fc00a2c39e90264f33305004495a9","hash":"def7405fefc97437dba374b4413647bb2d7ec439"}
,"C:\\Users\\Juan Carlos Pantoja\\proyecto\\gimnasio\\app_gimnasio\\controllers\\sedeController.js": {"path":"C:\\Users\\Juan Carlos Pantoja\\proyecto\\gimnasio\\app_gimnasio\\controllers\\sedeController.js","statementMap":{"0":{"start":{"line":1,"column":14},"end":{"line":1,"column":59}},"1":{"start":{"line":2,"column":16},"end":{"line":2,"column":47}},"2":{"start":{"line":4,"column":14},"end":{"line":7,"column":1}},"3":{"start":{"line":5,"column":20},"end":{"line":5,"column":40}},"4":{"start":{"line":6,"column":4},"end":{"line":6,"column":52}},"5":{"start":{"line":9,"column":14},"end":{"line":12,"column":1}},"6":{"start":{"line":10,"column":20},"end":{"line":10,"column":54}},"7":{"start":{"line":11,"column":4},"end":{"line":11,"column":52}},"8":{"start":{"line":14,"column":0},"end":{"line":14,"column":33}},"9":{"start":{"line":15,"column":0},"end":{"line":15,"column":33}}},"fnMap":{"0":{"name":"(anonymous_0)","decl":{"start":{"line":4,"column":14},"end":{"line":4,"column":15}},"loc":{"start":{"line":4,"column":34},"end":{"line":7,"column":1}},"line":4},"1":{"name":"(anonymous_1)","decl":{"start":{"line":9,"column":14},"end":{"line":9,"column":15}},"loc":{"start":{"line":9,"column":34},"end":{"line":12,"column":1}},"line":9}},"branchMap":{},"s":{"0":1,"1":1,"2":1,"3":0,"4":0,"5":1,"6":0,"7":0,"8":1,"9":1},"f":{"0":0,"1":0},"b":{},"_coverageSchema":"1a1c01bbd47fc00a2c39e90264f33305004495a9","hash":"dcc2f16daca437996fc6c038abafcb83ccb02eef"}
,"C:\\Users\\Juan Carlos Pantoja\\proyecto\\gimnasio\\app_gimnasio\\controllers\\usuarioController.js": {"path":"C:\\Users\\Juan Carlos Pantoja\\proyecto\\gimnasio\\app_gimnasio\\controllers\\usuarioController.js","statementMap":{"0":{"start":{"line":1,"column":17},"end":{"line":1,"column":68}},"1":{"start":{"line":2,"column":21},"end":{"line":2,"column":82}},"2":{"start":{"line":5,"column":16},"end":{"line":5,"column":47}},"3":{"start":{"line":8,"column":17},"end":{"line":12,"column":1}},"4":{"start":{"line":9,"column":4},"end":{"line":11,"column":7}},"5":{"start":{"line":10,"column":8},"end":{"line":10,"column":54}},"6":{"start":{"line":14,"column":25},"end":{"line":18,"column":1}},"7":{"start":{"line":15,"column":4},"end":{"line":17,"column":7}},"8":{"start":{"line":16,"column":8},"end":{"line":16,"column":54}},"9":{"start":{"line":20,"column":17},"end":{"line":50,"column":1}},"10":{"start":{"line":22,"column":33},"end":{"line":22,"column":41}},"11":{"start":{"line":23,"column":24},"end":{"line":30,"column":5}},"12":{"start":{"line":32,"column":4},"end":{"line":48,"column":5}},"13":{"start":{"line":33,"column":22},"end":{"line":33,"column":64}},"14":{"start":{"line":34,"column":4},"end":{"line":45,"column":5}},"15":{"start":{"line":35,"column":8},"end":{"line":35,"column":69}},"16":{"start":{"line":37,"column":25},"end":{"line":37,"column":65}},"17":{"start":{"line":38,"column":26},"end":{"line":42,"column":9}},"18":{"start":{"line":43,"column":29},"end":{"line":43,"column":80}},"19":{"start":{"line":44,"column":8},"end":{"line":44,"column":61}},"20":{"start":{"line":47,"column":8},"end":{"line":47,"column":48}},"21":{"start":{"line":53,"column":0},"end":{"line":53,"column":39}},"22":{"start":{"line":54,"column":0},"end":{"line":54,"column":55}},"23":{"start":{"line":55,"column":0},"end":{"line":55,"column":39}}},"fnMap":{"0":{"name":"(anonymous_0)","decl":{"start":{"line":8,"column":17},"end":{"line":8,"column":18}},"loc":{"start":{"line":8,"column":35},"end":{"line":12,"column":1}},"line":8},"1":{"name":"(anonymous_1)","decl":{"start":{"line":9,"column":30},"end":{"line":9,"column":31}},"loc":{"start":{"line":9,"column":50},"end":{"line":11,"column":5}},"line":9},"2":{"name":"(anonymous_2)","decl":{"start":{"line":14,"column":25},"end":{"line":14,"column":26}},"loc":{"start":{"line":14,"column":43},"end":{"line":18,"column":1}},"line":14},"3":{"name":"(anonymous_3)","decl":{"start":{"line":15,"column":47},"end":{"line":15,"column":48}},"loc":{"start":{"line":15,"column":67},"end":{"line":17,"column":5}},"line":15},"4":{"name":"(anonymous_4)","decl":{"start":{"line":20,"column":17},"end":{"line":20,"column":18}},"loc":{"start":{"line":20,"column":37},"end":{"line":50,"column":1}},"line":20}},"branchMap":{"0":{"loc":{"start":{"line":34,"column":4},"end":{"line":45,"column":5}},"type":"if","locations":[{"start":{"line":34,"column":4},"end":{"line":45,"column":5}},{"start":{"line":34,"column":4},"end":{"line":45,"column":5}}],"line":34}},"s":{"0":1,"1":1,"2":1,"3":1,"4":0,"5":0,"6":1,"7":0,"8":0,"9":1,"10":0,"11":0,"12":0,"13":0,"14":0,"15":0,"16":0,"17":0,"18":0,"19":0,"20":0,"21":1,"22":1,"23":1},"f":{"0":0,"1":0,"2":0,"3":0,"4":0},"b":{"0":[0,0]},"_coverageSchema":"1a1c01bbd47fc00a2c39e90264f33305004495a9","hash":"d6f0f2b4bf804414d55e59125cb4cc4534980faf"}
,"C:\\Users\\Juan Carlos Pantoja\\proyecto\\gimnasio\\app_gimnasio\\controllers\\usuarioSedeController.js": {"path":"C:\\Users\\Juan Carlos Pantoja\\proyecto\\gimnasio\\app_gimnasio\\controllers\\usuarioSedeController.js","statementMap":{"0":{"start":{"line":1,"column":18},"end":{"line":1,"column":30}},"1":{"start":{"line":2,"column":21},"end":{"line":2,"column":82}},"2":{"start":{"line":3,"column":16},"end":{"line":3,"column":47}},"3":{"start":{"line":7,"column":21},"end":{"line":10,"column":1}},"4":{"start":{"line":8,"column":20},"end":{"line":8,"column":72}},"5":{"start":{"line":9,"column":4},"end":{"line":9,"column":52}},"6":{"start":{"line":12,"column":0},"end":{"line":12,"column":47}}},"fnMap":{"0":{"name":"(anonymous_0)","decl":{"start":{"line":7,"column":21},"end":{"line":7,"column":22}},"loc":{"start":{"line":7,"column":40},"end":{"line":10,"column":1}},"line":7}},"branchMap":{},"s":{"0":1,"1":1,"2":1,"3":1,"4":0,"5":0,"6":1},"f":{"0":0},"b":{},"_coverageSchema":"1a1c01bbd47fc00a2c39e90264f33305004495a9","hash":"b21193a425b4cccbe5e80bda794c10296af53ce6"}
,"C:\\Users\\Juan Carlos Pantoja\\proyecto\\gimnasio\\app_gimnasio\\helpers\\respuesta.js": {"path":"C:\\Users\\Juan Carlos Pantoja\\proyecto\\gimnasio\\app_gimnasio\\helpers\\respuesta.js","statementMap":{"0":{"start":{"line":3,"column":22},"end":{"line":6,"column":1}},"1":{"start":{"line":4,"column":4},"end":{"line":4,"column":23}},"2":{"start":{"line":5,"column":4},"end":{"line":5,"column":22}},"3":{"start":{"line":8,"column":0},"end":{"line":8,"column":49}}},"fnMap":{"0":{"name":"(anonymous_0)","decl":{"start":{"line":3,"column":22},"end":{"line":3,"column":23}},"loc":{"start":{"line":3,"column":53},"end":{"line":6,"column":1}},"line":3}},"branchMap":{},"s":{"0":1,"1":0,"2":0,"3":1},"f":{"0":0},"b":{},"_coverageSchema":"1a1c01bbd47fc00a2c39e90264f33305004495a9","hash":"c367cf483a7840384fa3a0f359d5117cda1783ca"}
,"C:\\Users\\Juan Carlos Pantoja\\proyecto\\gimnasio\\app_gimnasio\\routes\\index.js": {"path":"C:\\Users\\Juan Carlos Pantoja\\proyecto\\gimnasio\\app_gimnasio\\routes\\index.js","statementMap":{"0":{"start":{"line":1,"column":14},"end":{"line":1,"column":32}},"1":{"start":{"line":2,"column":24},"end":{"line":2,"column":67}},"2":{"start":{"line":3,"column":23},"end":{"line":3,"column":65}},"3":{"start":{"line":4,"column":21},"end":{"line":4,"column":61}},"4":{"start":{"line":5,"column":28},"end":{"line":5,"column":75}},"5":{"start":{"line":7,"column":21},"end":{"line":7,"column":61}},"6":{"start":{"line":8,"column":24},"end":{"line":8,"column":76}},"7":{"start":{"line":15,"column":13},"end":{"line":15,"column":29}},"8":{"start":{"line":17,"column":0},"end":{"line":19,"column":2}},"9":{"start":{"line":18,"column":4},"end":{"line":18,"column":27}},"10":{"start":{"line":25,"column":0},"end":{"line":25,"column":52}},"11":{"start":{"line":26,"column":0},"end":{"line":26,"column":53}},"12":{"start":{"line":32,"column":0},"end":{"line":32,"column":49}},"13":{"start":{"line":33,"column":0},"end":{"line":33,"column":110}},"14":{"start":{"line":39,"column":0},"end":{"line":39,"column":43}},"15":{"start":{"line":40,"column":0},"end":{"line":40,"column":104}},"16":{"start":{"line":46,"column":0},"end":{"line":46,"column":133}},"17":{"start":{"line":49,"column":0},"end":{"line":49,"column":24}}},"fnMap":{"0":{"name":"(anonymous_0)","decl":{"start":{"line":17,"column":16},"end":{"line":17,"column":17}},"loc":{"start":{"line":17,"column":30},"end":{"line":19,"column":1}},"line":17}},"branchMap":{},"s":{"0":1,"1":1,"2":1,"3":1,"4":1,"5":1,"6":1,"7":1,"8":1,"9":2,"10":1,"11":1,"12":1,"13":1,"14":1,"15":1,"16":1,"17":1},"f":{"0":2},"b":{},"_coverageSchema":"1a1c01bbd47fc00a2c39e90264f33305004495a9","hash":"cdbb6597a6ed05bd33c7c92571f7d77d420ee6d8"}
,"C:\\Users\\Juan Carlos Pantoja\\proyecto\\gimnasio\\app_seguridad\\controllers\\authController.js": {"path":"C:\\Users\\Juan Carlos Pantoja\\proyecto\\gimnasio\\app_seguridad\\controllers\\authController.js","statementMap":{"0":{"start":{"line":1,"column":17},"end":{"line":1,"column":65}},"1":{"start":{"line":2,"column":21},"end":{"line":2,"column":79}},"2":{"start":{"line":5,"column":16},"end":{"line":5,"column":47}},"3":{"start":{"line":6,"column":10},"end":{"line":6,"column":33}},"4":{"start":{"line":9,"column":22},"end":{"line":26,"column":1}},"5":{"start":{"line":10,"column":33},"end":{"line":10,"column":41}},"6":{"start":{"line":11,"column":4},"end":{"line":13,"column":5}},"7":{"start":{"line":12,"column":8},"end":{"line":12,"column":94}},"8":{"start":{"line":14,"column":4},"end":{"line":25,"column":5}},"9":{"start":{"line":15,"column":22},"end":{"line":15,"column":61}},"10":{"start":{"line":16,"column":8},"end":{"line":18,"column":9}},"11":{"start":{"line":17,"column":12},"end":{"line":17,"column":104}},"12":{"start":{"line":19,"column":8},"end":{"line":21,"column":10}},"13":{"start":{"line":20,"column":12},"end":{"line":20,"column":60}},"14":{"start":{"line":24,"column":8},"end":{"line":24,"column":48}},"15":{"start":{"line":28,"column":0},"end":{"line":28,"column":49}}},"fnMap":{"0":{"name":"(anonymous_0)","decl":{"start":{"line":9,"column":22},"end":{"line":9,"column":23}},"loc":{"start":{"line":9,"column":42},"end":{"line":26,"column":1}},"line":9},"1":{"name":"(anonymous_1)","decl":{"start":{"line":19,"column":49},"end":{"line":19,"column":50}},"loc":{"start":{"line":19,"column":65},"end":{"line":21,"column":9}},"line":19}},"branchMap":{"0":{"loc":{"start":{"line":11,"column":4},"end":{"line":13,"column":5}},"type":"if","locations":[{"start":{"line":11,"column":4},"end":{"line":13,"column":5}},{"start":{"line":11,"column":4},"end":{"line":13,"column":5}}],"line":11},"1":{"loc":{"start":{"line":11,"column":10},"end":{"line":11,"column":28}},"type":"binary-expr","locations":[{"start":{"line":11,"column":10},"end":{"line":11,"column":16}},{"start":{"line":11,"column":20},"end":{"line":11,"column":28}}],"line":11},"2":{"loc":{"start":{"line":16,"column":8},"end":{"line":18,"column":9}},"type":"if","locations":[{"start":{"line":16,"column":8},"end":{"line":18,"column":9}},{"start":{"line":16,"column":8},"end":{"line":18,"column":9}}],"line":16}},"s":{"0":1,"1":1,"2":1,"3":1,"4":1,"5":0,"6":0,"7":0,"8":0,"9":0,"10":0,"11":0,"12":0,"13":0,"14":0,"15":1},"f":{"0":0,"1":0},"b":{"0":[0,0],"1":[0,0],"2":[0,0]},"_coverageSchema":"1a1c01bbd47fc00a2c39e90264f33305004495a9","hash":"bbd39e5194f8436666f4da8819d9905cc95e3da1"}
,"C:\\Users\\Juan Carlos Pantoja\\proyecto\\gimnasio\\app_seguridad\\helpers\\respuesta.js": {"path":"C:\\Users\\Juan Carlos Pantoja\\proyecto\\gimnasio\\app_seguridad\\helpers\\respuesta.js","statementMap":{"0":{"start":{"line":3,"column":22},"end":{"line":6,"column":1}},"1":{"start":{"line":4,"column":4},"end":{"line":4,"column":23}},"2":{"start":{"line":5,"column":4},"end":{"line":5,"column":22}},"3":{"start":{"line":8,"column":0},"end":{"line":8,"column":49}}},"fnMap":{"0":{"name":"(anonymous_0)","decl":{"start":{"line":3,"column":22},"end":{"line":3,"column":23}},"loc":{"start":{"line":3,"column":53},"end":{"line":6,"column":1}},"line":3}},"branchMap":{},"s":{"0":1,"1":0,"2":0,"3":1},"f":{"0":0},"b":{},"_coverageSchema":"1a1c01bbd47fc00a2c39e90264f33305004495a9","hash":"4d40b3262a1b4b50a6647c5d6a88d47fc2cf9c46"}
,"C:\\Users\\Juan Carlos Pantoja\\proyecto\\gimnasio\\app_seguridad\\routes\\index.js": {"path":"C:\\Users\\Juan Carlos Pantoja\\proyecto\\gimnasio\\app_seguridad\\routes\\index.js","statementMap":{"0":{"start":{"line":1,"column":14},"end":{"line":1,"column":32}},"1":{"start":{"line":2,"column":24},"end":{"line":2,"column":76}},"2":{"start":{"line":4,"column":21},"end":{"line":4,"column":61}},"3":{"start":{"line":6,"column":13},"end":{"line":6,"column":29}},"4":{"start":{"line":9,"column":0},"end":{"line":11,"column":2}},"5":{"start":{"line":10,"column":4},"end":{"line":10,"column":32}},"6":{"start":{"line":17,"column":0},"end":{"line":17,"column":53}},"7":{"start":{"line":20,"column":0},"end":{"line":20,"column":24}}},"fnMap":{"0":{"name":"(anonymous_0)","decl":{"start":{"line":9,"column":16},"end":{"line":9,"column":17}},"loc":{"start":{"line":9,"column":30},"end":{"line":11,"column":1}},"line":9}},"branchMap":{},"s":{"0":1,"1":1,"2":1,"3":1,"4":1,"5":1,"6":1,"7":1},"f":{"0":1},"b":{},"_coverageSchema":"1a1c01bbd47fc00a2c39e90264f33305004495a9","hash":"5dc7068498b0612284c6253020191a5216faac9c"}
}
