TN:
SF:index.js
FN:28,(anonymous_0)
FN:39,(anonymous_1)
FN:57,(anonymous_2)
FN:63,(anonymous_3)
FNF:4
FNH:1
FNDA:0,(anonymous_0)
FNDA:0,(anonymous_1)
FNDA:0,(anonymous_2)
FNDA:1,(anonymous_3)
DA:1,1
DA:2,1
DA:3,1
DA:4,1
DA:5,1
DA:6,1
DA:8,1
DA:9,1
DA:12,1
DA:14,1
DA:16,1
DA:17,1
DA:18,1
DA:19,1
DA:20,1
DA:22,1
DA:23,1
DA:28,1
DA:29,0
DA:30,0
DA:31,0
DA:38,1
DA:39,0
DA:40,0
DA:41,0
DA:42,0
DA:45,0
DA:46,0
DA:47,0
DA:57,1
DA:58,0
DA:59,0
DA:60,0
DA:63,1
DA:64,1
DA:66,1
LF:36
LH:23
BRDA:12,0,0,1
BRDA:12,0,1,1
BRDA:38,1,0,0
BRDA:38,1,1,1
BRDA:40,2,0,0
BRDA:40,2,1,0
BRDA:46,3,0,0
BRDA:46,3,1,0
BRDA:58,4,0,0
BRDA:58,4,1,0
BRF:10
BRH:3
end_of_record
TN:
SF:app_core\dao\ciudad\ciudadDao.js
FN:3,(anonymous_0)
FN:7,(anonymous_1)
FNF:2
FNH:0
FNDA:0,(anonymous_0)
FNDA:0,(anonymous_1)
DA:1,1
DA:3,1
DA:4,0
DA:7,1
DA:8,0
DA:11,1
DA:12,1
LF:7
LH:5
BRF:0
BRH:0
end_of_record
TN:
SF:app_core\dao\models\ciudad.js
FN:1,(anonymous_0)
FN:28,(anonymous_1)
FNF:2
FNH:2
FNDA:1,(anonymous_0)
FNDA:1,(anonymous_1)
DA:1,1
DA:3,1
DA:29,1
LF:3
LH:3
BRF:0
BRH:0
end_of_record
TN:
SF:app_core\dao\models\index.js
FN:17,(anonymous_0)
FN:20,(anonymous_1)
FN:24,(anonymous_2)
FNF:3
FNH:3
FNDA:6,(anonymous_0)
FNDA:5,(anonymous_1)
FNDA:5,(anonymous_2)
DA:2,1
DA:3,1
DA:4,1
DA:5,1
DA:6,1
DA:7,1
DA:8,1
DA:9,1
DA:10,0
DA:12,1
DA:13,1
DA:15,1
DA:18,6
DA:21,5
DA:22,5
DA:24,1
DA:25,5
DA:26,5
DA:29,1
DA:30,1
DA:31,1
LF:21
LH:20
BRDA:6,0,0,1
BRDA:6,0,1,0
BRDA:9,1,0,0
BRDA:9,1,1,1
BRDA:18,2,0,6
BRDA:18,2,1,6
BRDA:18,2,2,5
BRDA:25,3,0,5
BRDA:25,3,1,0
BRF:9
BRH:6
end_of_record
TN:
SF:app_core\dao\models\sede.js
FN:1,(anonymous_0)
FN:33,(anonymous_1)
FNF:2
FNH:2
FNDA:1,(anonymous_0)
FNDA:1,(anonymous_1)
DA:1,1
DA:3,1
DA:34,1
DA:40,1
LF:4
LH:4
BRF:0
BRH:0
end_of_record
TN:
SF:app_core\dao\models\tipoUsuario.js
FN:1,(anonymous_0)
FN:28,(anonymous_1)
FNF:2
FNH:2
FNDA:1,(anonymous_0)
FNDA:1,(anonymous_1)
DA:1,1
DA:3,1
DA:29,1
LF:3
LH:3
BRF:0
BRH:0
end_of_record
TN:
SF:app_core\dao\models\usuario.js
FN:4,(anonymous_0)
FN:46,(anonymous_1)
FN:81,(anonymous_2)
FN:87,(anonymous_3)
FNF:4
FNH:2
FNDA:1,(anonymous_0)
FNDA:1,(anonymous_1)
FNDA:0,(anonymous_2)
FNDA:0,(anonymous_3)
DA:1,1
DA:4,1
DA:6,1
DA:47,1
DA:53,1
DA:83,0
DA:84,0
DA:88,0
LF:8
LH:5
BRF:0
BRH:0
end_of_record
TN:
SF:app_core\dao\models\usuarioSede.js
FN:1,(anonymous_0)
FN:33,(anonymous_1)
FNF:2
FNH:2
FNDA:1,(anonymous_0)
FNDA:1,(anonymous_1)
DA:1,1
DA:3,1
DA:34,1
DA:40,1
LF:4
LH:4
BRF:0
BRH:0
end_of_record
TN:
SF:app_core\dao\sede\sedeDao.js
FN:3,(anonymous_0)
FN:7,(anonymous_1)
FNF:2
FNH:0
FNDA:0,(anonymous_0)
FNDA:0,(anonymous_1)
DA:1,1
DA:3,1
DA:4,0
DA:7,1
DA:8,0
DA:11,1
DA:12,1
LF:7
LH:5
BRF:0
BRH:0
end_of_record
TN:
SF:app_core\dao\usuario\usuarioDao.js
FN:3,(anonymous_0)
FN:7,(anonymous_1)
FN:15,(anonymous_2)
FN:24,(anonymous_3)
FNF:4
FNH:0
FNDA:0,(anonymous_0)
FNDA:0,(anonymous_1)
FNDA:0,(anonymous_2)
FNDA:0,(anonymous_3)
DA:1,1
DA:3,1
DA:4,0
DA:7,1
DA:8,0
DA:15,1
DA:16,0
DA:24,1
DA:25,0
DA:28,1
DA:29,1
DA:30,1
DA:31,1
LF:13
LH:9
BRF:0
BRH:0
end_of_record
TN:
SF:app_core\dao\usuario_sede\usuario_sedeDao.js
FN:3,(anonymous_0)
FN:23,(anonymous_1)
FNF:2
FNH:0
FNDA:0,(anonymous_0)
FNDA:0,(anonymous_1)
DA:1,1
DA:3,1
DA:4,0
DA:23,1
DA:24,0
DA:28,1
DA:29,1
LF:7
LH:5
BRF:0
BRH:0
end_of_record
TN:
SF:app_core\helpers\funcionesSeguridad.js
FN:21,verifyToken
FN:26,(anonymous_1)
FN:42,checkRole
FNF:3
FNH:0
FNDA:0,verifyToken
FNDA:0,(anonymous_1)
FNDA:0,checkRole
DA:1,1
DA:2,1
DA:3,1
DA:4,1
DA:5,1
DA:22,0
DA:23,0
DA:24,0
DA:25,0
DA:26,0
DA:27,0
DA:28,0
DA:30,0
DA:31,0
DA:35,0
DA:38,0
DA:43,0
DA:44,0
DA:45,0
DA:47,0
DA:52,1
DA:53,1
LF:22
LH:7
BRDA:24,0,0,0
BRDA:24,0,1,0
BRDA:27,1,0,0
BRDA:27,1,1,0
BRDA:44,2,0,0
BRDA:44,2,1,0
BRF:6
BRH:0
end_of_record
TN:
SF:app_core\helpers\respuesta.js
FN:1,(anonymous_0)
FNF:1
FNH:0
FNDA:0,(anonymous_0)
DA:1,1
DA:2,0
DA:3,0
DA:6,1
LF:4
LH:2
BRF:0
BRH:0
end_of_record
TN:
SF:app_gimnasio\controllers\authController.js
FN:8,(anonymous_0)
FN:9,(anonymous_1)
FN:14,(anonymous_2)
FN:15,(anonymous_3)
FN:20,(anonymous_4)
FNF:5
FNH:0
FNDA:0,(anonymous_0)
FNDA:0,(anonymous_1)
FNDA:0,(anonymous_2)
FNDA:0,(anonymous_3)
FNDA:0,(anonymous_4)
DA:1,1
DA:2,1
DA:5,1
DA:8,1
DA:9,0
DA:10,0
DA:14,1
DA:15,0
DA:16,0
DA:20,1
DA:21,0
DA:22,0
DA:23,0
DA:25,0
DA:26,0
DA:31,0
DA:32,0
DA:37,1
DA:38,1
DA:39,1
LF:20
LH:9
BRDA:22,0,0,0
BRDA:22,0,1,0
BRF:2
BRH:0
end_of_record
TN:
SF:app_gimnasio\controllers\ciudadController.js
FN:5,(anonymous_0)
FN:10,(anonymous_1)
FNF:2
FNH:0
FNDA:0,(anonymous_0)
FNDA:0,(anonymous_1)
DA:1,1
DA:2,1
DA:3,1
DA:5,1
DA:6,0
DA:7,0
DA:10,1
DA:11,0
DA:12,0
DA:13,0
DA:15,0
DA:19,1
DA:20,1
LF:13
LH:7
BRF:0
BRH:0
end_of_record
TN:
SF:app_gimnasio\controllers\sedeController.js
FN:4,(anonymous_0)
FN:9,(anonymous_1)
FNF:2
FNH:0
FNDA:0,(anonymous_0)
FNDA:0,(anonymous_1)
DA:1,1
DA:2,1
DA:4,1
DA:5,0
DA:6,0
DA:9,1
DA:10,0
DA:11,0
DA:14,1
DA:15,1
LF:10
LH:6
BRF:0
BRH:0
end_of_record
TN:
SF:app_gimnasio\controllers\usuarioController.js
FN:8,(anonymous_0)
FN:9,(anonymous_1)
FN:14,(anonymous_2)
FN:15,(anonymous_3)
FN:20,(anonymous_4)
FNF:5
FNH:0
FNDA:0,(anonymous_0)
FNDA:0,(anonymous_1)
FNDA:0,(anonymous_2)
FNDA:0,(anonymous_3)
FNDA:0,(anonymous_4)
DA:1,1
DA:2,1
DA:5,1
DA:8,1
DA:9,0
DA:10,0
DA:14,1
DA:15,0
DA:16,0
DA:20,1
DA:22,0
DA:23,0
DA:32,0
DA:33,0
DA:34,0
DA:35,0
DA:37,0
DA:38,0
DA:43,0
DA:44,0
DA:47,0
DA:53,1
DA:54,1
DA:55,1
LF:24
LH:9
BRDA:34,0,0,0
BRDA:34,0,1,0
BRF:2
BRH:0
end_of_record
TN:
SF:app_gimnasio\controllers\usuarioSedeController.js
FN:7,(anonymous_0)
FNF:1
FNH:0
FNDA:0,(anonymous_0)
DA:1,1
DA:2,1
DA:3,1
DA:7,1
DA:8,0
DA:9,0
DA:12,1
LF:7
LH:5
BRF:0
BRH:0
end_of_record
TN:
SF:app_gimnasio\helpers\respuesta.js
FN:3,(anonymous_0)
FNF:1
FNH:0
FNDA:0,(anonymous_0)
DA:3,1
DA:4,0
DA:5,0
DA:8,1
LF:4
LH:2
BRF:0
BRH:0
end_of_record
TN:
SF:app_gimnasio\routes\index.js
FN:17,(anonymous_0)
FNF:1
FNH:1
FNDA:2,(anonymous_0)
DA:1,1
DA:2,1
DA:3,1
DA:4,1
DA:5,1
DA:7,1
DA:8,1
DA:15,1
DA:17,1
DA:18,2
DA:25,1
DA:26,1
DA:32,1
DA:33,1
DA:39,1
DA:40,1
DA:46,1
DA:49,1
LF:18
LH:18
BRF:0
BRH:0
end_of_record
TN:
SF:app_seguridad\controllers\authController.js
FN:9,(anonymous_0)
FN:19,(anonymous_1)
FNF:2
FNH:0
FNDA:0,(anonymous_0)
FNDA:0,(anonymous_1)
DA:1,1
DA:2,1
DA:5,1
DA:6,1
DA:9,1
DA:10,0
DA:11,0
DA:12,0
DA:14,0
DA:15,0
DA:16,0
DA:17,0
DA:19,0
DA:20,0
DA:24,0
DA:28,1
LF:16
LH:6
BRDA:11,0,0,0
BRDA:11,0,1,0
BRDA:11,1,0,0
BRDA:11,1,1,0
BRDA:16,2,0,0
BRDA:16,2,1,0
BRF:6
BRH:0
end_of_record
TN:
SF:app_seguridad\helpers\respuesta.js
FN:3,(anonymous_0)
FNF:1
FNH:0
FNDA:0,(anonymous_0)
DA:3,1
DA:4,0
DA:5,0
DA:8,1
LF:4
LH:2
BRF:0
BRH:0
end_of_record
TN:
SF:app_seguridad\routes\index.js
FN:9,(anonymous_0)
FNF:1
FNH:1
FNDA:1,(anonymous_0)
DA:1,1
DA:2,1
DA:4,1
DA:6,1
DA:9,1
DA:10,1
DA:17,1
DA:20,1
LF:8
LH:8
BRF:0
BRH:0
end_of_record
